#
# There is insufficient memory for the Java Runtime Environment to continue.
# Native memory allocation (mmap) failed to map 130023424 bytes for Failed to commit area from 0x0000000084000000 to 0x000000008bc00000 of length 130023424.
# Possible reasons:
#   The system is out of physical RAM or swap space
#   The process is running with CompressedOops enabled, and the Java Heap may be blocking the growth of the native heap
# Possible solutions:
#   Reduce memory load on the system
#   Increase physical memory or swap space
#   Check if swap backing store is full
#   Decrease Java heap size (-Xmx/-Xms)
#   Decrease number of Java threads
#   Decrease Java thread stack sizes (-Xss)
#   Set larger code cache with -XX:ReservedCodeCacheSize=
# This output file may be truncated or incomplete.
#
#  Out of Memory Error (./open/src/hotspot/os/windows/os_windows.cpp:3276), pid=12656, tid=14296
#
# JRE version:  (11.0.13+10) (build )
# Java VM: Java HotSpot(TM) 64-Bit Server VM (11.0.13+10-LTS-370, mixed mode, sharing, tiered, compressed oops, g1 gc, windows-amd64)
# No core dump will be written. Minidumps are not enabled by default on client versions of Windows
#

---------------  S U M M A R Y ------------

Command Line: -Dfile.encoding=UTF-8 --module-path=D:\FPT Polytechnic\22SPR1\MOB1014-Java1\GiaiLab\07-PS20520-Nguyen Thanh Ha-lab1\Bai1Lab1\build\classes Bai4Lab1.Bai4Lab1

Host: 11th Gen Intel(R) Core(TM) i5-11400H @ 2.70GHz, 12 cores, 7G,  Windows 10 , 64 bit Build 19041 (10.0.19041.1348)
Time: Wed Jan  5 20:12:42 2022 SE Asia Standard Time elapsed time: 0.014068 seconds (0d 0h 0m 0s)

---------------  T H R E A D  ---------------

Current thread (0x0000024a1e7b4800):  JavaThread "Unknown thread" [_thread_in_vm, id=14296, stack(0x0000005bdc700000,0x0000005bdc800000)]

Stack: [0x0000005bdc700000,0x0000005bdc800000]
Native frames: (J=compiled Java code, j=interpreted, Vv=VM code, C=native code)
V  [jvm.dll+0x62870a]
V  [jvm.dll+0x761f2f]
V  [jvm.dll+0x7635d9]
V  [jvm.dll+0x763c63]
V  [jvm.dll+0x23d728]
V  [jvm.dll+0x625aba]
V  [jvm.dll+0x61a855]
V  [jvm.dll+0x2f242c]
V  [jvm.dll+0x2f22b2]
V  [jvm.dll+0x2f6fd6]
V  [jvm.dll+0x3395ff]
V  [jvm.dll+0x339030]
V  [jvm.dll+0x2cfa38]
V  [jvm.dll+0x2d0ba6]
V  [jvm.dll+0x73c547]
V  [jvm.dll+0x73dddf]
V  [jvm.dll+0x346369]
V  [jvm.dll+0x721e60]
V  [jvm.dll+0x3b500f]
V  [jvm.dll+0x3b7121]
C  [jli.dll+0x5207]
C  [ucrtbase.dll+0x21bb2]
C  [KERNEL32.DLL+0x17034]
C  [ntdll.dll+0x52651]


---------------  P R O C E S S  ---------------

Threads class SMR info:
_java_thread_list=0x0000024a1cea3690, length=0, elements={
}

Java Threads: ( => current thread )

Other Threads:
  0x0000024a1e7c8800 GCTaskThread "GC Thread#0" [stack: 0x0000005bdc800000,0x0000005bdc900000] [id=14316]
  0x0000024a1e7fb000 ConcurrentGCThread "G1 Main Marker" [stack: 0x0000005bdc900000,0x0000005bdca00000] [id=2028]
  0x0000024a1e7fc800 ConcurrentGCThread "G1 Conc#0" [stack: 0x0000005bdca00000,0x0000005bdcb00000] [id=14324]

[error occurred during error reporting (printing all threads), id 0xc0000005, EXCEPTION_ACCESS_VIOLATION (0xc0000005) at pc=0x00007ff8d0fcecc7]

VM state:not at safepoint (not fully initialized)

VM Mutex/Monitor currently owned by a thread:  ([mutex/lock_event])
[0x0000024a1e7ae560] Heap_lock - owner thread: 0x0000024a1e7b4800

Heap address: 0x0000000084000000, size: 1984 MB, Compressed Oops mode: Non-zero based: 0x0000000084000000
Narrow klass base: 0x0000000000000000, Narrow klass shift: 0

GC Heap History (0 events):
No events

Deoptimization events (0 events):
No events

Classes redefined (0 events):
No events

Internal exceptions (0 events):
No events

Events (0 events):
No events


Dynamic libraries:
0x00007ff78ec60000 - 0x00007ff78ec6f000 	C:\Program Files\Java\jdk-11.0.13\bin\java.exe
0x00007ff910a90000 - 0x00007ff910c85000 	C:\Windows\SYSTEM32\ntdll.dll
0x00007ff90f4d0000 - 0x00007ff90f58e000 	C:\Windows\System32\KERNEL32.DLL
0x00007ff90e7d0000 - 0x00007ff90ea98000 	C:\Windows\System32\KERNELBASE.dll
0x00007ff90e230000 - 0x00007ff90e330000 	C:\Windows\System32\ucrtbase.dll
0x00007ff8f3480000 - 0x00007ff8f3498000 	C:\Program Files\Java\jdk-11.0.13\bin\jli.dll
0x00007ff9078c0000 - 0x00007ff9078d5000 	C:\Program Files\Java\jdk-11.0.13\bin\VCRUNTIME140.dll
0x00007ff90ecd0000 - 0x00007ff90ed7c000 	C:\Windows\System32\ADVAPI32.dll
0x00007ff910200000 - 0x00007ff91029e000 	C:\Windows\System32\msvcrt.dll
0x00007ff910000000 - 0x00007ff91009b000 	C:\Windows\System32\sechost.dll
0x00007ff90eba0000 - 0x00007ff90ecca000 	C:\Windows\System32\RPCRT4.dll
0x00007ff90fca0000 - 0x00007ff90fe41000 	C:\Windows\System32\USER32.dll
0x00007ff90e380000 - 0x00007ff90e3a2000 	C:\Windows\System32\win32u.dll
0x00007ff8fcec0000 - 0x00007ff8fd15a000 	C:\Windows\WinSxS\amd64_microsoft.windows.common-controls_6595b64144ccf1df_6.0.19041.1110_none_60b5254171f9507e\COMCTL32.dll
0x00007ff90fe50000 - 0x00007ff90fe7b000 	C:\Windows\System32\GDI32.dll
0x00007ff90e3b0000 - 0x00007ff90e4bd000 	C:\Windows\System32\gdi32full.dll
0x00007ff90e4c0000 - 0x00007ff90e55d000 	C:\Windows\System32\msvcp_win.dll
0x00007ff904900000 - 0x00007ff90490a000 	C:\Windows\SYSTEM32\VERSION.dll
0x00007ff90fc70000 - 0x00007ff90fca0000 	C:\Windows\System32\IMM32.DLL
0x00007ff8e4040000 - 0x00007ff8e40db000 	C:\Program Files\Java\jdk-11.0.13\bin\msvcp140.dll
0x00007ff8d0cf0000 - 0x00007ff8d1803000 	C:\Program Files\Java\jdk-11.0.13\bin\server\jvm.dll
0x00007ff90f3e0000 - 0x00007ff90f3e8000 	C:\Windows\System32\PSAPI.DLL
0x00007ff8f3ec0000 - 0x00007ff8f3ec9000 	C:\Windows\SYSTEM32\WSOCK32.dll
0x00007ff90fa50000 - 0x00007ff90fabb000 	C:\Windows\System32\WS2_32.dll
0x00007ff901340000 - 0x00007ff901367000 	C:\Windows\SYSTEM32\WINMM.dll
0x00007ff90ca50000 - 0x00007ff90ca62000 	C:\Windows\SYSTEM32\kernel.appcore.dll
0x00007ff907870000 - 0x00007ff907880000 	C:\Program Files\Java\jdk-11.0.13\bin\verify.dll
0x00007ff90c570000 - 0x00007ff90c754000 	C:\Windows\SYSTEM32\DBGHELP.DLL
0x00007ff8eab70000 - 0x00007ff8eab9c000 	C:\Windows\SYSTEM32\dbgcore.DLL
0x00007ff90e1a0000 - 0x00007ff90e222000 	C:\Windows\System32\bcryptPrimitives.dll
0x00007ff905690000 - 0x00007ff9056b8000 	C:\Program Files\Java\jdk-11.0.13\bin\java.dll
0x00007ff907860000 - 0x00007ff90786a000 	C:\Program Files\Java\jdk-11.0.13\bin\jimage.dll
0x00007ff907820000 - 0x00007ff907836000 	C:\Program Files\Java\jdk-11.0.13\bin\zip.dll

dbghelp: loaded successfully - version: 4.0.5 - missing functions: none
symbol engine: initialized successfully - sym options: 0x614 - pdb path: .;C:\Program Files\Java\jdk-11.0.13\bin;C:\Windows\SYSTEM32;C:\Windows\WinSxS\amd64_microsoft.windows.common-controls_6595b64144ccf1df_6.0.19041.1110_none_60b5254171f9507e;C:\Program Files\Java\jdk-11.0.13\bin\server

VM Arguments:
jvm_args: -Dfile.encoding=UTF-8 --module-path=D:\FPT Polytechnic\22SPR1\MOB1014-Java1\GiaiLab\07-PS20520-Nguyen Thanh Ha-lab1\Bai1Lab1\build\classes 
java_command: Bai4Lab1.Bai4Lab1
java_class_path (initial): D:\FPT Polytechnic\22SPR1\MOB1014-Java1\GiaiLab\07-PS20520-Nguyen Thanh Ha-lab1\Bai1Lab1\build\classes
Launcher Type: SUN_STANDARD

[Global flags]
     intx CICompilerCount                          = 4                                         {product} {ergonomic}
     uint ConcGCThreads                            = 3                                         {product} {ergonomic}
     uint G1ConcRefinementThreads                  = 10                                        {product} {ergonomic}
   size_t G1HeapRegionSize                         = 1048576                                   {product} {ergonomic}
    uintx GCDrainStackTargetSize                   = 64                                        {product} {ergonomic}
   size_t InitialHeapSize                          = 130023424                                 {product} {ergonomic}
   size_t MarkStackSize                            = 4194304                                   {product} {ergonomic}
   size_t MaxHeapSize                              = 2080374784                                {product} {ergonomic}
   size_t MinHeapDeltaBytes                        = 1048576                                   {product} {ergonomic}
    uintx NonNMethodCodeHeapSize                   = 5836300                                {pd product} {ergonomic}
    uintx NonProfiledCodeHeapSize                  = 122910970                              {pd product} {ergonomic}
    uintx ProfiledCodeHeapSize                     = 122910970                              {pd product} {ergonomic}
    uintx ReservedCodeCacheSize                    = 251658240                              {pd product} {ergonomic}
     bool SegmentedCodeCache                       = true                                      {product} {ergonomic}
     bool UseCompressedClassPointers               = true                                 {lp64_product} {ergonomic}
     bool UseCompressedOops                        = true                                 {lp64_product} {ergonomic}
     bool UseG1GC                                  = true                                      {product} {ergonomic}
     bool UseLargePagesIndividualAllocation        = false                                  {pd product} {ergonomic}

Logging:
Log output configuration:
 #0: stdout all=warning uptime,level,tags
 #1: stderr all=off uptime,level,tags

Environment Variables:
JAVA_HOME=C:\Program Files\Java\jdk-16.0.2\bin
PATH=C:\Program Files\Common Files\Oracle\Java\javapath;C:\Windows\system32;C:\Windows;C:\Windows\System32\Wbem;C:\Windows\System32\WindowsPowerShell\v1.0\;C:\Windows\System32\OpenSSH\;C:\Program Files\Java\jdk-16.0.2\bin\bin;C:\Program Files (x86)\mingw-w64\i686-8.1.0-posix-dwarf-rt_v6-rev0\mingw32\bin;C:\Program Files\Microsoft SQL Server\150\Tools\Binn\;C:\User\Admin\Downloads\cmder2\bin;C:\Program Files\Git\cmd;C:\Program Files\Java\jdk-11.0.13\bin;C:\Users\Admin\AppData\Local\Microsoft\WindowsApps;C:\Users\Admin\AppData\Local\GitHubDesktop\bin
USERNAME=Admin
OS=Windows_NT
PROCESSOR_IDENTIFIER=Intel64 Family 6 Model 141 Stepping 1, GenuineIntel



---------------  S Y S T E M  ---------------

OS: Windows 10 , 64 bit Build 19041 (10.0.19041.1348)

CPU:total 12 (initial active 12) (6 cores per cpu, 2 threads per core) family 6 model 141 stepping 1 microcode 0x34, cmov, cx8, fxsr, mmx, sse, sse2, sse3, ssse3, sse4.1, sse4.2, popcnt, avx, avx2, aes, clmul, erms, 3dnowpref, lzcnt, ht, tsc, tscinvbit, bmi1, bmi2, adx, evex, sha, fma

Memory: 4k page, system-wide physical 7930M (1388M free)
TotalPageFile size 7930M (AvailPageFile size 101M)
current process WorkingSet (physical memory assigned to process): 9M, peak: 9M
current process commit charge ("private bytes"): 64M, peak: 188M

vm_info: Java HotSpot(TM) 64-Bit Server VM (11.0.13+10-LTS-370) for windows-amd64 JRE (11.0.13+10-LTS-370), built on Sep 15 2021 22:10:36 by "mach5one" with MS VC++ 15.9 (VS2017)

END.
